2022-05-27 06:05:585 INFO  HomePage :37 - Mouse hover on 'Buy + Sell' Tab  [[FirefoxDriver: firefox on WINDOWS (96077641-3769-41ff-934e-4d4553fbf170)] -> xpath: //a[contains(text(),'buy + sell')]]
2022-05-27 06:05:148 INFO  HomePage :52 - Clicking on 'Find a Dealer' link   [[FirefoxDriver: firefox on WINDOWS (96077641-3769-41ff-934e-4d4553fbf170)] -> xpath: //a[contains(text(),'Find a Dealer')]]
2022-05-27 06:05:27 INFO  FindDealerPage :34 - Verifying Car 'Make' in search result  Car DealersFind a Car Dealership Near You
Showing 2459 Dealers
powered by
2022-05-27 06:05:289 INFO  HomePage :37 - Mouse hover on 'Buy + Sell' Tab  [[FirefoxDriver: firefox on WINDOWS (31b148bf-7ddd-4506-af5e-cc249ffb1bd7)] -> xpath: //a[contains(text(),'buy + sell')]]
2022-05-27 06:05:781 INFO  HomePage :52 - Clicking on 'Find a Dealer' link   [[FirefoxDriver: firefox on WINDOWS (31b148bf-7ddd-4506-af5e-cc249ffb1bd7)] -> xpath: //a[contains(text(),'Find a Dealer')]]
2022-05-27 06:05:105 INFO  FindDealerPage :34 - Verifying Car 'Make' in search result  Car DealersFind a Car Dealership Near You
Showing 2459 Dealers
powered by
2022-05-27 06:05:25 INFO  HomePage :37 - Mouse hover on 'Buy + Sell' Tab  [[FirefoxDriver: firefox on WINDOWS (b7b97688-b65b-450b-85ea-aa262d5732c9)] -> xpath: //a[contains(text(),'buy + sell')]]
2022-05-27 06:05:430 INFO  HomePage :52 - Clicking on 'Find a Dealer' link   [[FirefoxDriver: firefox on WINDOWS (b7b97688-b65b-450b-85ea-aa262d5732c9)] -> xpath: //a[contains(text(),'Find a Dealer')]]
2022-05-27 06:05:916 INFO  FindDealerPage :34 - Verifying Car 'Make' in search result  Car DealersFind a Car Dealership Near You
Showing 2459 Dealers
powered by
2022-05-27 06:05:619 INFO  HomePage :37 - Mouse hover on 'Buy + Sell' Tab  [[FirefoxDriver: firefox on WINDOWS (8c30a104-c21c-4198-a267-2237b233dc19)] -> xpath: //a[contains(text(),'buy + sell')]]
2022-05-27 06:05:22 INFO  HomePage :52 - Clicking on 'Find a Dealer' link   [[FirefoxDriver: firefox on WINDOWS (8c30a104-c21c-4198-a267-2237b233dc19)] -> xpath: //a[contains(text(),'Find a Dealer')]]
2022-05-27 06:05:323 INFO  FindDealerPage :34 - Verifying Car 'Make' in search result  Car DealersFind a Car Dealership Near You
Showing 2459 Dealers
powered by
2022-05-27 06:05:605 INFO  HomePage :37 - Mouse hover on 'Buy + Sell' Tab  [[FirefoxDriver: firefox on WINDOWS (dbb627fe-bd30-4c6b-be0a-88d4aa1c4e1c)] -> xpath: //a[contains(text(),'buy + sell')]]
2022-05-27 06:05:280 INFO  HomePage :52 - Clicking on 'Find a Dealer' link   [[FirefoxDriver: firefox on WINDOWS (dbb627fe-bd30-4c6b-be0a-88d4aa1c4e1c)] -> xpath: //a[contains(text(),'Find a Dealer')]]
2022-05-27 06:05:729 INFO  FindDealerPage :34 - Verifying Car 'Make' in search result  Car DealersFind a Car Dealership Near You
Showing 2459 Dealers
powered by
2022-05-27 06:05:479 INFO  HomePage :37 - Mouse hover on 'Buy + Sell' Tab  [[FirefoxDriver: firefox on WINDOWS (b06d5925-8bf8-4c53-994d-92aef6b82004)] -> xpath: //a[contains(text(),'buy + sell')]]
2022-05-27 06:05:934 INFO  HomePage :52 - Clicking on 'Find a Dealer' link   [[FirefoxDriver: firefox on WINDOWS (b06d5925-8bf8-4c53-994d-92aef6b82004)] -> xpath: //a[contains(text(),'Find a Dealer')]]
2022-05-27 06:05:249 INFO  FindDealerPage :34 - Verifying Car 'Make' in search result  Car DealersFind a Car Dealership Near You
Showing 2459 Dealers
powered by
2022-05-27 06:05:392 INFO  HomePage :37 - Mouse hover on 'Buy + Sell' Tab  [[FirefoxDriver: firefox on WINDOWS (f096e7fd-c58c-4a26-b9d1-e4bcb2d4b444)] -> xpath: //a[contains(text(),'buy + sell')]]
2022-05-27 06:05:814 INFO  HomePage :52 - Clicking on 'Find a Dealer' link   [[FirefoxDriver: firefox on WINDOWS (f096e7fd-c58c-4a26-b9d1-e4bcb2d4b444)] -> xpath: //a[contains(text(),'Find a Dealer')]]
2022-05-27 06:05:121 INFO  FindDealerPage :34 - Verifying 'Car Dealership' text in search result  Car DealershipFind a Car Dealership Near You
Showing 2459 Dealers
powered by
2022-05-27 06:05:548 INFO  HomePage :37 - Mouse hover on 'Buy + Sell' Tab  [[FirefoxDriver: firefox on WINDOWS (36e1cb32-df3f-48ea-a2af-d24c97ca30b2)] -> xpath: //a[contains(text(),'buy + sell')]]
2022-05-27 06:05:298 INFO  HomePage :52 - Clicking on 'Find a Dealer' link   [[FirefoxDriver: firefox on WINDOWS (36e1cb32-df3f-48ea-a2af-d24c97ca30b2)] -> xpath: //a[contains(text(),'Find a Dealer')]]
2022-05-27 06:05:597 INFO  FindDealerPage :34 - Verifying 'Car Dealership' text in search result  Car DealershipFind a Car Dealership Near You
Showing 2459 Dealers
powered by
2022-05-27 08:05:384 INFO  HomePage :37 - Mouse hover on 'Buy + Sell' Tab  [[FirefoxDriver: firefox on WINDOWS (2c0cddc4-14be-4c08-bdab-e7ac7b395ef3)] -> xpath: //a[contains(text(),'buy + sell')]]
2022-05-27 08:05:874 INFO  HomePage :52 - Clicking on 'Find a Dealer' link   [[FirefoxDriver: firefox on WINDOWS (2c0cddc4-14be-4c08-bdab-e7ac7b395ef3)] -> xpath: //a[contains(text(),'Find a Dealer')]]
2022-05-27 08:05:748 INFO  HomePage :37 - Mouse hover on 'Buy + Sell' Tab  [[FirefoxDriver: firefox on WINDOWS (870c61bd-e1dd-4fb0-9e2e-579ddcf8991c)] -> xpath: //a[contains(text(),'buy + sell')]]
2022-05-27 08:05:89 INFO  HomePage :52 - Clicking on 'Find a Dealer' link   [[FirefoxDriver: firefox on WINDOWS (870c61bd-e1dd-4fb0-9e2e-579ddcf8991c)] -> xpath: //a[contains(text(),'Find a Dealer')]]
2022-05-27 08:05:460 INFO  HomePage :37 - Mouse hover on 'Buy + Sell' Tab  [[FirefoxDriver: firefox on WINDOWS (3cd66a3f-b109-46a4-9292-11691095c7dd)] -> xpath: //a[contains(text(),'buy + sell')]]
2022-05-27 08:05:744 INFO  HomePage :52 - Clicking on 'Find a Dealer' link   [[FirefoxDriver: firefox on WINDOWS (3cd66a3f-b109-46a4-9292-11691095c7dd)] -> xpath: //a[contains(text(),'Find a Dealer')]]
2022-05-27 08:05:34 INFO  HomePage :37 - Mouse hover on 'Buy + Sell' Tab  [[FirefoxDriver: firefox on WINDOWS (ee3614dc-fa29-42c6-97d6-584f00bca3b1)] -> xpath: //a[contains(text(),'buy + sell')]]
2022-05-27 08:05:309 INFO  HomePage :52 - Clicking on 'Find a Dealer' link   [[FirefoxDriver: firefox on WINDOWS (ee3614dc-fa29-42c6-97d6-584f00bca3b1)] -> xpath: //a[contains(text(),'Find a Dealer')]]
2022-05-27 08:05:452 INFO  HomePage :37 - Mouse hover on 'Buy + Sell' Tab  [[FirefoxDriver: firefox on WINDOWS (bca2601a-6880-4b5d-80eb-c9d25f1d810e)] -> xpath: //a[contains(text(),'buy + sell')]]
2022-05-27 08:05:839 INFO  HomePage :52 - Clicking on 'Find a Dealer' link   [[FirefoxDriver: firefox on WINDOWS (bca2601a-6880-4b5d-80eb-c9d25f1d810e)] -> xpath: //a[contains(text(),'Find a Dealer')]]
2022-05-27 08:05:560 INFO  HomePage :37 - Mouse hover on 'Buy + Sell' Tab  [[FirefoxDriver: firefox on WINDOWS (9b88bbf8-833d-4ac4-ab54-b09b03512140)] -> xpath: //a[contains(text(),'buy + sell')]]
2022-05-27 08:05:805 INFO  HomePage :42 - Clicking on Search link  [[FirefoxDriver: firefox on WINDOWS (9b88bbf8-833d-4ac4-ab54-b09b03512140)] -> xpath: //a[contains(text(),'Search Cars')]]
2022-05-27 08:05:746 INFO  NewAndUsedCarsSearchPage :74 - Confirming Page Navigate to NewandUsed car Page: New & UsedNew & Used Car Search - carsguide
2022-05-27 08:05:45 INFO  NewAndUsedCarsSearchPage :47 - Select 'Car Make' from dropdown  [[FirefoxDriver: firefox on WINDOWS (9b88bbf8-833d-4ac4-ab54-b09b03512140)] -> id: makes]
2022-05-27 08:05:298 INFO  NewAndUsedCarsSearchPage :52 - Selecting 'Car Model' from dropdown  [[FirefoxDriver: firefox on WINDOWS (9b88bbf8-833d-4ac4-ab54-b09b03512140)] -> id: models]
2022-05-27 08:05:547 INFO  NewAndUsedCarsSearchPage :57 - Selecting 'Location' from dropdown  [[FirefoxDriver: firefox on WINDOWS (9b88bbf8-833d-4ac4-ab54-b09b03512140)] -> id: locations]
2022-05-27 08:05:810 INFO  NewAndUsedCarsSearchPage :62 - Selecting 'Maximum Price' from dropdown  [[FirefoxDriver: firefox on WINDOWS (9b88bbf8-833d-4ac4-ab54-b09b03512140)] -> id: priceTo]
2022-05-27 08:05:665 INFO  NewAndUsedCarsSearchPage :67 - Clicking on 'Find my Next Car' button  [[FirefoxDriver: firefox on WINDOWS (9b88bbf8-833d-4ac4-ab54-b09b03512140)] -> id: search-submit]
2022-05-27 08:05:739 INFO  SearchResultPage :28 - Verifying Car 'Make' in search result  Audi22 Audi A1s for Sale under $50,000 in Sydney, NSW
2022-05-27 08:05:285 INFO  HomePage :37 - Mouse hover on 'Buy + Sell' Tab  [[FirefoxDriver: firefox on WINDOWS (5c5f0238-b0ee-49d5-b2b2-5d5ad6e5abbf)] -> xpath: //a[contains(text(),'buy + sell')]]
2022-05-27 08:05:613 INFO  HomePage :42 - Clicking on Search link  [[FirefoxDriver: firefox on WINDOWS (5c5f0238-b0ee-49d5-b2b2-5d5ad6e5abbf)] -> xpath: //a[contains(text(),'Search Cars')]]
2022-05-27 08:05:181 INFO  NewAndUsedCarsSearchPage :74 - Confirming Page Navigate to NewandUsed car Page: New & UsedNew & Used Car Search - carsguide
2022-05-27 08:05:577 INFO  NewAndUsedCarsSearchPage :47 - Select 'Car Make' from dropdown  [[FirefoxDriver: firefox on WINDOWS (5c5f0238-b0ee-49d5-b2b2-5d5ad6e5abbf)] -> id: makes]
2022-05-27 08:05:468 INFO  NewAndUsedCarsSearchPage :52 - Selecting 'Car Model' from dropdown  [[FirefoxDriver: firefox on WINDOWS (5c5f0238-b0ee-49d5-b2b2-5d5ad6e5abbf)] -> id: models]
2022-05-27 08:05:758 INFO  NewAndUsedCarsSearchPage :57 - Selecting 'Location' from dropdown  [[FirefoxDriver: firefox on WINDOWS (5c5f0238-b0ee-49d5-b2b2-5d5ad6e5abbf)] -> id: locations]
2022-05-27 08:05:54 INFO  NewAndUsedCarsSearchPage :62 - Selecting 'Maximum Price' from dropdown  [[FirefoxDriver: firefox on WINDOWS (5c5f0238-b0ee-49d5-b2b2-5d5ad6e5abbf)] -> id: priceTo]
2022-05-27 08:05:745 INFO  NewAndUsedCarsSearchPage :67 - Clicking on 'Find my Next Car' button  [[FirefoxDriver: firefox on WINDOWS (5c5f0238-b0ee-49d5-b2b2-5d5ad6e5abbf)] -> id: search-submit]
2022-05-27 08:05:826 INFO  SearchResultPage :28 - Verifying Car 'Make' in search result  BMW1 BMW 1 Series for Sale under $15,000 in Adelaide, SA
2022-05-27 08:05:603 INFO  HomePage :37 - Mouse hover on 'Buy + Sell' Tab  [[FirefoxDriver: firefox on WINDOWS (89ba7cbb-b350-47be-846e-affd2af902c2)] -> xpath: //a[contains(text(),'buy + sell')]]
2022-05-27 08:05:858 INFO  HomePage :42 - Clicking on Search link  [[FirefoxDriver: firefox on WINDOWS (89ba7cbb-b350-47be-846e-affd2af902c2)] -> xpath: //a[contains(text(),'Search Cars')]]
2022-05-27 08:05:509 INFO  NewAndUsedCarsSearchPage :74 - Confirming Page Navigate to NewandUsed car Page: New & UsedNew & Used Car Search - carsguide
2022-05-27 08:05:769 INFO  NewAndUsedCarsSearchPage :47 - Select 'Car Make' from dropdown  [[FirefoxDriver: firefox on WINDOWS (89ba7cbb-b350-47be-846e-affd2af902c2)] -> id: makes]
2022-05-27 08:05:28 INFO  NewAndUsedCarsSearchPage :52 - Selecting 'Car Model' from dropdown  [[FirefoxDriver: firefox on WINDOWS (89ba7cbb-b350-47be-846e-affd2af902c2)] -> id: models]
2022-05-27 08:05:263 INFO  NewAndUsedCarsSearchPage :57 - Selecting 'Location' from dropdown  [[FirefoxDriver: firefox on WINDOWS (89ba7cbb-b350-47be-846e-affd2af902c2)] -> id: locations]
2022-05-27 08:05:680 INFO  NewAndUsedCarsSearchPage :62 - Selecting 'Maximum Price' from dropdown  [[FirefoxDriver: firefox on WINDOWS (89ba7cbb-b350-47be-846e-affd2af902c2)] -> id: priceTo]
2022-05-27 08:05:948 INFO  NewAndUsedCarsSearchPage :67 - Clicking on 'Find my Next Car' button  [[FirefoxDriver: firefox on WINDOWS (89ba7cbb-b350-47be-846e-affd2af902c2)] -> id: search-submit]
2022-05-27 08:05:58 INFO  SearchResultPage :28 - Verifying Car 'Make' in search result  Nissan63 Nissan Qashqais for Sale under $40,000 in Melbourne, VIC
2022-05-27 08:05:893 INFO  HomePage :37 - Mouse hover on 'Buy + Sell' Tab  [[FirefoxDriver: firefox on WINDOWS (b0d6d047-505c-476d-99c5-5b5cb18fe998)] -> xpath: //a[contains(text(),'buy + sell')]]
2022-05-27 08:05:399 INFO  HomePage :42 - Clicking on Search link  [[FirefoxDriver: firefox on WINDOWS (b0d6d047-505c-476d-99c5-5b5cb18fe998)] -> xpath: //a[contains(text(),'Search Cars')]]
2022-05-27 08:05:956 INFO  NewAndUsedCarsSearchPage :74 - Confirming Page Navigate to NewandUsed car Page: New & UsedNew & Used Car Search - carsguide
2022-05-27 08:05:236 INFO  NewAndUsedCarsSearchPage :47 - Select 'Car Make' from dropdown  [[FirefoxDriver: firefox on WINDOWS (b0d6d047-505c-476d-99c5-5b5cb18fe998)] -> id: makes]
2022-05-27 08:05:701 INFO  NewAndUsedCarsSearchPage :52 - Selecting 'Car Model' from dropdown  [[FirefoxDriver: firefox on WINDOWS (b0d6d047-505c-476d-99c5-5b5cb18fe998)] -> id: models]
2022-05-27 08:05:120 INFO  NewAndUsedCarsSearchPage :57 - Selecting 'Location' from dropdown  [[FirefoxDriver: firefox on WINDOWS (b0d6d047-505c-476d-99c5-5b5cb18fe998)] -> id: locations]
2022-05-27 08:05:486 INFO  NewAndUsedCarsSearchPage :62 - Selecting 'Maximum Price' from dropdown  [[FirefoxDriver: firefox on WINDOWS (b0d6d047-505c-476d-99c5-5b5cb18fe998)] -> id: priceTo]
2022-05-27 08:05:272 INFO  NewAndUsedCarsSearchPage :67 - Clicking on 'Find my Next Car' button  [[FirefoxDriver: firefox on WINDOWS (b0d6d047-505c-476d-99c5-5b5cb18fe998)] -> id: search-submit]
2022-05-27 08:05:378 INFO  SearchResultPage :28 - Verifying Car 'Make' in search result  Jaguar1 Jaguar F-Pace for Sale under $80,000 in ACT
2022-05-27 08:05:636 INFO  HomePage :37 - Mouse hover on 'Buy + Sell' Tab  [[FirefoxDriver: firefox on WINDOWS (a01b314d-05a5-4eff-a719-24033becb30d)] -> xpath: //a[contains(text(),'buy + sell')]]
2022-05-27 08:05:282 INFO  HomePage :42 - Clicking on Search link  [[FirefoxDriver: firefox on WINDOWS (a01b314d-05a5-4eff-a719-24033becb30d)] -> xpath: //a[contains(text(),'Search Cars')]]
2022-05-27 08:05:716 INFO  NewAndUsedCarsSearchPage :74 - Confirming Page Navigate to NewandUsed car Page: New & UsedNew & Used Car Search - carsguide
2022-05-27 08:05:28 INFO  NewAndUsedCarsSearchPage :47 - Select 'Car Make' from dropdown  [[FirefoxDriver: firefox on WINDOWS (a01b314d-05a5-4eff-a719-24033becb30d)] -> id: makes]
2022-05-27 08:05:499 INFO  NewAndUsedCarsSearchPage :52 - Selecting 'Car Model' from dropdown  [[FirefoxDriver: firefox on WINDOWS (a01b314d-05a5-4eff-a719-24033becb30d)] -> id: models]
2022-05-27 08:05:59 INFO  NewAndUsedCarsSearchPage :57 - Selecting 'Location' from dropdown  [[FirefoxDriver: firefox on WINDOWS (a01b314d-05a5-4eff-a719-24033becb30d)] -> id: locations]
2022-05-27 08:05:641 INFO  NewAndUsedCarsSearchPage :62 - Selecting 'Maximum Price' from dropdown  [[FirefoxDriver: firefox on WINDOWS (a01b314d-05a5-4eff-a719-24033becb30d)] -> id: priceTo]
2022-05-27 08:05:645 INFO  NewAndUsedCarsSearchPage :67 - Clicking on 'Find my Next Car' button  [[FirefoxDriver: firefox on WINDOWS (a01b314d-05a5-4eff-a719-24033becb30d)] -> id: search-submit]
2022-05-27 08:05:796 INFO  SearchResultPage :28 - Verifying Car 'Make' in search result  Land Rover11 Land Rover Range Rover Evoques for Sale under $40,000 in Brisbane, QLD
2022-05-27 08:05:749 INFO  HomePage :37 - Mouse hover on 'Buy + Sell' Tab  [[FirefoxDriver: firefox on WINDOWS (a74e2cda-9b1a-4a56-86cd-c7eac487a23b)] -> xpath: //a[contains(text(),'buy + sell')]]
2022-05-27 08:05:388 INFO  HomePage :47 - Clicking on Search link  [[FirefoxDriver: firefox on WINDOWS (a74e2cda-9b1a-4a56-86cd-c7eac487a23b)] -> xpath: //a[contains(text(),'Search Cars')]]
2022-05-27 08:05:660 INFO  UsedCarsPage :29 - Confirming Page Navigate to Used car Page  Used CarsUsed Cars For Sale
2022-05-27 08:05:936 INFO  NewAndUsedCarsSearchPage :47 - Select 'Car Make' from dropdown  [[FirefoxDriver: firefox on WINDOWS (a74e2cda-9b1a-4a56-86cd-c7eac487a23b)] -> id: makes]
2022-05-27 08:05:766 INFO  NewAndUsedCarsSearchPage :52 - Selecting 'Car Model' from dropdown  [[FirefoxDriver: firefox on WINDOWS (a74e2cda-9b1a-4a56-86cd-c7eac487a23b)] -> id: models]
2022-05-27 08:05:18 INFO  NewAndUsedCarsSearchPage :57 - Selecting 'Location' from dropdown  [[FirefoxDriver: firefox on WINDOWS (a74e2cda-9b1a-4a56-86cd-c7eac487a23b)] -> id: locations]
2022-05-27 08:05:440 INFO  NewAndUsedCarsSearchPage :62 - Selecting 'Maximum Price' from dropdown  [[FirefoxDriver: firefox on WINDOWS (a74e2cda-9b1a-4a56-86cd-c7eac487a23b)] -> id: priceTo]
2022-05-27 08:05:494 INFO  NewAndUsedCarsSearchPage :67 - Clicking on 'Find my Next Car' button  [[FirefoxDriver: firefox on WINDOWS (a74e2cda-9b1a-4a56-86cd-c7eac487a23b)] -> id: search-submit]
2022-05-27 08:05:642 INFO  SearchResultPage :28 - Verifying Car 'Make' in search result  Ford22 Used Ford Focus for Sale under $50,000 in New England, NSW
2022-05-27 08:05:597 INFO  HomePage :37 - Mouse hover on 'Buy + Sell' Tab  [[FirefoxDriver: firefox on WINDOWS (d2c3af15-43c4-4516-b6f0-fc822c5f92f7)] -> xpath: //a[contains(text(),'buy + sell')]]
2022-05-27 08:05:979 INFO  HomePage :47 - Clicking on Search link  [[FirefoxDriver: firefox on WINDOWS (d2c3af15-43c4-4516-b6f0-fc822c5f92f7)] -> xpath: //a[contains(text(),'Search Cars')]]
2022-05-27 08:05:818 INFO  UsedCarsPage :29 - Confirming Page Navigate to Used car Page  Used CarsUsed Cars For Sale
2022-05-27 08:05:265 INFO  NewAndUsedCarsSearchPage :47 - Select 'Car Make' from dropdown  [[FirefoxDriver: firefox on WINDOWS (d2c3af15-43c4-4516-b6f0-fc822c5f92f7)] -> id: makes]
2022-05-27 08:05:537 INFO  NewAndUsedCarsSearchPage :52 - Selecting 'Car Model' from dropdown  [[FirefoxDriver: firefox on WINDOWS (d2c3af15-43c4-4516-b6f0-fc822c5f92f7)] -> id: models]
2022-05-27 08:05:782 INFO  NewAndUsedCarsSearchPage :57 - Selecting 'Location' from dropdown  [[FirefoxDriver: firefox on WINDOWS (d2c3af15-43c4-4516-b6f0-fc822c5f92f7)] -> id: locations]
2022-05-27 08:05:245 INFO  NewAndUsedCarsSearchPage :62 - Selecting 'Maximum Price' from dropdown  [[FirefoxDriver: firefox on WINDOWS (d2c3af15-43c4-4516-b6f0-fc822c5f92f7)] -> id: priceTo]
2022-05-27 08:05:174 INFO  NewAndUsedCarsSearchPage :67 - Clicking on 'Find my Next Car' button  [[FirefoxDriver: firefox on WINDOWS (d2c3af15-43c4-4516-b6f0-fc822c5f92f7)] -> id: search-submit]
2022-05-27 08:05:345 INFO  SearchResultPage :28 - Verifying Car 'Make' in search result  BMW1 Used BMW 4 Series for Sale under $80,000 in Hunter, NSW
2022-05-27 08:05:700 INFO  HomePage :37 - Mouse hover on 'Buy + Sell' Tab  [[FirefoxDriver: firefox on WINDOWS (2465461d-43bd-4e0d-9d6a-fe622c77a9cb)] -> xpath: //a[contains(text(),'buy + sell')]]
2022-05-27 08:05:124 INFO  HomePage :47 - Clicking on Search link  [[FirefoxDriver: firefox on WINDOWS (2465461d-43bd-4e0d-9d6a-fe622c77a9cb)] -> xpath: //a[contains(text(),'Search Cars')]]
2022-05-27 08:05:801 INFO  UsedCarsPage :29 - Confirming Page Navigate to Used car Page  Used CarsUsed Cars For Sale
2022-05-27 08:05:82 INFO  NewAndUsedCarsSearchPage :47 - Select 'Car Make' from dropdown  [[FirefoxDriver: firefox on WINDOWS (2465461d-43bd-4e0d-9d6a-fe622c77a9cb)] -> id: makes]
2022-05-27 08:05:518 INFO  NewAndUsedCarsSearchPage :52 - Selecting 'Car Model' from dropdown  [[FirefoxDriver: firefox on WINDOWS (2465461d-43bd-4e0d-9d6a-fe622c77a9cb)] -> id: models]
2022-05-27 08:05:815 INFO  NewAndUsedCarsSearchPage :57 - Selecting 'Location' from dropdown  [[FirefoxDriver: firefox on WINDOWS (2465461d-43bd-4e0d-9d6a-fe622c77a9cb)] -> id: locations]
2022-05-27 08:05:183 INFO  NewAndUsedCarsSearchPage :62 - Selecting 'Maximum Price' from dropdown  [[FirefoxDriver: firefox on WINDOWS (2465461d-43bd-4e0d-9d6a-fe622c77a9cb)] -> id: priceTo]
2022-05-27 08:05:545 INFO  NewAndUsedCarsSearchPage :67 - Clicking on 'Find my Next Car' button  [[FirefoxDriver: firefox on WINDOWS (2465461d-43bd-4e0d-9d6a-fe622c77a9cb)] -> id: search-submit]
2022-05-27 08:05:901 INFO  SearchResultPage :28 - Verifying Car 'Make' in search result  Volkswagen250 Used Volkswagen Polos for Sale under $35,000
2022-05-27 08:05:852 INFO  HomePage :37 - Mouse hover on 'Buy + Sell' Tab  [[FirefoxDriver: firefox on WINDOWS (dbf77f12-89b1-4b4b-ad34-9302774db550)] -> xpath: //a[contains(text(),'buy + sell')]]
2022-05-27 08:05:211 INFO  HomePage :47 - Clicking on Search link  [[FirefoxDriver: firefox on WINDOWS (dbf77f12-89b1-4b4b-ad34-9302774db550)] -> xpath: //a[contains(text(),'Search Cars')]]
2022-05-27 08:05:310 INFO  UsedCarsPage :29 - Confirming Page Navigate to Used car Page  Used CarsUsed Cars For Sale
2022-05-27 08:05:726 INFO  NewAndUsedCarsSearchPage :47 - Select 'Car Make' from dropdown  [[FirefoxDriver: firefox on WINDOWS (dbf77f12-89b1-4b4b-ad34-9302774db550)] -> id: makes]
2022-05-27 08:05:316 INFO  NewAndUsedCarsSearchPage :52 - Selecting 'Car Model' from dropdown  [[FirefoxDriver: firefox on WINDOWS (dbf77f12-89b1-4b4b-ad34-9302774db550)] -> id: models]
2022-05-27 08:05:576 INFO  NewAndUsedCarsSearchPage :57 - Selecting 'Location' from dropdown  [[FirefoxDriver: firefox on WINDOWS (dbf77f12-89b1-4b4b-ad34-9302774db550)] -> id: locations]
2022-05-27 08:05:847 INFO  NewAndUsedCarsSearchPage :62 - Selecting 'Maximum Price' from dropdown  [[FirefoxDriver: firefox on WINDOWS (dbf77f12-89b1-4b4b-ad34-9302774db550)] -> id: priceTo]
2022-05-27 08:05:534 INFO  NewAndUsedCarsSearchPage :67 - Clicking on 'Find my Next Car' button  [[FirefoxDriver: firefox on WINDOWS (dbf77f12-89b1-4b4b-ad34-9302774db550)] -> id: search-submit]
2022-05-27 08:05:865 INFO  SearchResultPage :28 - Verifying Car 'Make' in search result  Nissan56 Used Nissan Qashqais for Sale under $40,000 in Melbourne, VIC
2022-05-27 08:05:822 INFO  HomePage :37 - Mouse hover on 'Buy + Sell' Tab  [[FirefoxDriver: firefox on WINDOWS (e676582c-9d22-4892-b44e-64958fc9bfea)] -> xpath: //a[contains(text(),'buy + sell')]]
2022-05-27 08:05:132 INFO  HomePage :47 - Clicking on Search link  [[FirefoxDriver: firefox on WINDOWS (e676582c-9d22-4892-b44e-64958fc9bfea)] -> xpath: //a[contains(text(),'Search Cars')]]
2022-05-27 08:05:741 INFO  UsedCarsPage :29 - Confirming Page Navigate to Used car Page  Used CarsUsed Cars For Sale
2022-05-27 08:05:987 INFO  NewAndUsedCarsSearchPage :47 - Select 'Car Make' from dropdown  [[FirefoxDriver: firefox on WINDOWS (e676582c-9d22-4892-b44e-64958fc9bfea)] -> id: makes]
2022-05-27 08:05:655 INFO  NewAndUsedCarsSearchPage :52 - Selecting 'Car Model' from dropdown  [[FirefoxDriver: firefox on WINDOWS (e676582c-9d22-4892-b44e-64958fc9bfea)] -> id: models]
2022-05-27 08:05:904 INFO  NewAndUsedCarsSearchPage :57 - Selecting 'Location' from dropdown  [[FirefoxDriver: firefox on WINDOWS (e676582c-9d22-4892-b44e-64958fc9bfea)] -> id: locations]
2022-05-27 08:05:204 INFO  NewAndUsedCarsSearchPage :62 - Selecting 'Maximum Price' from dropdown  [[FirefoxDriver: firefox on WINDOWS (e676582c-9d22-4892-b44e-64958fc9bfea)] -> id: priceTo]
2022-05-27 08:05:815 INFO  NewAndUsedCarsSearchPage :67 - Clicking on 'Find my Next Car' button  [[FirefoxDriver: firefox on WINDOWS (e676582c-9d22-4892-b44e-64958fc9bfea)] -> id: search-submit]
2022-05-27 08:05:999 INFO  SearchResultPage :28 - Verifying Car 'Make' in search result  Jaguar7 Used Jaguar F-Paces for Sale under $100,000 in Perth, WA
2022-05-27 08:05:508 INFO  HomePage :37 - Mouse hover on 'Buy + Sell' Tab  [[FirefoxDriver: firefox on WINDOWS (32b9bd62-1ec7-435b-b173-0399b335b374)] -> xpath: //a[contains(text(),'buy + sell')]]
2022-05-27 08:05:944 INFO  HomePage :47 - Clicking on Search link  [[FirefoxDriver: firefox on WINDOWS (32b9bd62-1ec7-435b-b173-0399b335b374)] -> xpath: //a[contains(text(),'Search Cars')]]
2022-05-27 08:05:209 INFO  UsedCarsPage :29 - Confirming Page Navigate to Used car Page  Used CarsUsed Cars For Sale
2022-05-27 08:05:478 INFO  NewAndUsedCarsSearchPage :47 - Select 'Car Make' from dropdown  [[FirefoxDriver: firefox on WINDOWS (32b9bd62-1ec7-435b-b173-0399b335b374)] -> id: makes]
2022-05-27 08:05:866 INFO  NewAndUsedCarsSearchPage :52 - Selecting 'Car Model' from dropdown  [[FirefoxDriver: firefox on WINDOWS (32b9bd62-1ec7-435b-b173-0399b335b374)] -> id: models]
2022-05-27 08:05:181 INFO  NewAndUsedCarsSearchPage :57 - Selecting 'Location' from dropdown  [[FirefoxDriver: firefox on WINDOWS (32b9bd62-1ec7-435b-b173-0399b335b374)] -> id: locations]
2022-05-27 08:05:452 INFO  NewAndUsedCarsSearchPage :62 - Selecting 'Maximum Price' from dropdown  [[FirefoxDriver: firefox on WINDOWS (32b9bd62-1ec7-435b-b173-0399b335b374)] -> id: priceTo]
2022-05-27 08:05:127 INFO  NewAndUsedCarsSearchPage :67 - Clicking on 'Find my Next Car' button  [[FirefoxDriver: firefox on WINDOWS (32b9bd62-1ec7-435b-b173-0399b335b374)] -> id: search-submit]
2022-05-27 08:05:377 INFO  SearchResultPage :28 - Verifying Car 'Make' in search result  Land Rover17 Used Land Rover Range Rover Evoques for Sale under $70,000 in Brisbane, QLD
2022-05-27 08:05:403 INFO  HomePage :37 - Mouse hover on 'Buy + Sell' Tab  [[FirefoxDriver: firefox on WINDOWS (489e09ed-b147-4326-a5b3-9b60b5ee2bc4)] -> xpath: //a[contains(text(),'buy + sell')]]
2022-05-27 08:05:562 INFO  HomePage :52 - Clicking on 'Find a Dealer' link   [[FirefoxDriver: firefox on WINDOWS (489e09ed-b147-4326-a5b3-9b60b5ee2bc4)] -> xpath: //a[contains(text(),'Find a Dealer')]]
2022-05-27 08:05:668 INFO  HomePage :37 - Mouse hover on 'Buy + Sell' Tab  [[FirefoxDriver: firefox on WINDOWS (7f586715-75cf-47c6-b660-68225906a8d0)] -> xpath: //a[contains(text(),'buy + sell')]]
2022-05-27 08:05:184 INFO  HomePage :52 - Clicking on 'Find a Dealer' link   [[FirefoxDriver: firefox on WINDOWS (7f586715-75cf-47c6-b660-68225906a8d0)] -> xpath: //a[contains(text(),'Find a Dealer')]]
2022-05-27 08:05:471 INFO  HomePage :37 - Mouse hover on 'Buy + Sell' Tab  [[FirefoxDriver: firefox on WINDOWS (9c13eb99-66a7-4e9c-a58c-861a625e0c58)] -> xpath: //a[contains(text(),'buy + sell')]]
2022-05-27 08:05:854 INFO  HomePage :52 - Clicking on 'Find a Dealer' link   [[FirefoxDriver: firefox on WINDOWS (9c13eb99-66a7-4e9c-a58c-861a625e0c58)] -> xpath: //a[contains(text(),'Find a Dealer')]]
2022-05-27 08:05:732 INFO  HomePage :37 - Mouse hover on 'Buy + Sell' Tab  [[FirefoxDriver: firefox on WINDOWS (34ace9f7-081c-4bd6-abe8-ecc2de6aab61)] -> xpath: //a[contains(text(),'buy + sell')]]
2022-05-27 08:05:103 INFO  HomePage :52 - Clicking on 'Find a Dealer' link   [[FirefoxDriver: firefox on WINDOWS (34ace9f7-081c-4bd6-abe8-ecc2de6aab61)] -> xpath: //a[contains(text(),'Find a Dealer')]]
2022-05-27 08:05:343 INFO  HomePage :37 - Mouse hover on 'Buy + Sell' Tab  [[FirefoxDriver: firefox on WINDOWS (56589032-3853-49a7-8917-bcc6d1f82bf7)] -> xpath: //a[contains(text(),'buy + sell')]]
2022-05-27 08:05:680 INFO  HomePage :52 - Clicking on 'Find a Dealer' link   [[FirefoxDriver: firefox on WINDOWS (56589032-3853-49a7-8917-bcc6d1f82bf7)] -> xpath: //a[contains(text(),'Find a Dealer')]]
2022-05-27 08:05:297 INFO  HomePage :37 - Mouse hover on 'Buy + Sell' Tab  [[FirefoxDriver: firefox on WINDOWS (ea6ff52c-ca4f-4c19-9199-82742542751a)] -> xpath: //a[contains(text(),'buy + sell')]]
2022-05-27 08:05:586 INFO  HomePage :52 - Clicking on 'Find a Dealer' link   [[FirefoxDriver: firefox on WINDOWS (ea6ff52c-ca4f-4c19-9199-82742542751a)] -> xpath: //a[contains(text(),'Find a Dealer')]]
2022-05-27 08:05:352 INFO  HomePage :37 - Mouse hover on 'Buy + Sell' Tab  [[FirefoxDriver: firefox on WINDOWS (3f1d40d4-5c08-47ff-a4d6-9f5ce3aedbd9)] -> xpath: //a[contains(text(),'buy + sell')]]
2022-05-27 08:05:899 INFO  HomePage :52 - Clicking on 'Find a Dealer' link   [[FirefoxDriver: firefox on WINDOWS (3f1d40d4-5c08-47ff-a4d6-9f5ce3aedbd9)] -> xpath: //a[contains(text(),'Find a Dealer')]]
2022-05-27 08:05:99 INFO  HomePage :37 - Mouse hover on 'Buy + Sell' Tab  [[FirefoxDriver: firefox on WINDOWS (879b913a-eb69-4fb6-b373-e5fa358b84db)] -> xpath: //a[contains(text(),'buy + sell')]]
2022-05-27 08:05:460 INFO  HomePage :52 - Clicking on 'Find a Dealer' link   [[FirefoxDriver: firefox on WINDOWS (879b913a-eb69-4fb6-b373-e5fa358b84db)] -> xpath: //a[contains(text(),'Find a Dealer')]]
2022-05-27 08:05:134 INFO  HomePage :37 - Mouse hover on 'Buy + Sell' Tab  [[FirefoxDriver: firefox on WINDOWS (9193c70a-c323-43f6-9ca4-be314d962555)] -> xpath: //a[contains(text(),'buy + sell')]]
2022-05-27 08:05:545 INFO  HomePage :52 - Clicking on 'Find a Dealer' link   [[FirefoxDriver: firefox on WINDOWS (9193c70a-c323-43f6-9ca4-be314d962555)] -> xpath: //a[contains(text(),'Find a Dealer')]]
2022-05-27 08:05:145 INFO  HomePage :37 - Mouse hover on 'Buy + Sell' Tab  [[FirefoxDriver: firefox on WINDOWS (390e8578-02c0-4dc8-bf6e-1198fddc799d)] -> xpath: //a[contains(text(),'buy + sell')]]
2022-05-27 08:05:449 INFO  HomePage :52 - Clicking on 'Find a Dealer' link   [[FirefoxDriver: firefox on WINDOWS (390e8578-02c0-4dc8-bf6e-1198fddc799d)] -> xpath: //a[contains(text(),'Find a Dealer')]]
2022-05-27 08:05:443 INFO  HomePage :37 - Mouse hover on 'Buy + Sell' Tab  [[FirefoxDriver: firefox on WINDOWS (298366bf-cbcd-4f27-9b7f-51e67c8af8df)] -> xpath: //a[contains(text(),'buy + sell')]]
2022-05-27 08:05:963 INFO  HomePage :52 - Clicking on 'Find a Dealer' link   [[FirefoxDriver: firefox on WINDOWS (298366bf-cbcd-4f27-9b7f-51e67c8af8df)] -> xpath: //a[contains(text(),'Find a Dealer')]]
2022-05-27 08:05:677 INFO  HomePage :37 - Mouse hover on 'Buy + Sell' Tab  [[FirefoxDriver: firefox on WINDOWS (340c6897-0870-4213-b031-5f501512da0d)] -> xpath: //a[contains(text(),'buy + sell')]]
2022-05-27 08:05:131 INFO  HomePage :52 - Clicking on 'Find a Dealer' link   [[FirefoxDriver: firefox on WINDOWS (340c6897-0870-4213-b031-5f501512da0d)] -> xpath: //a[contains(text(),'Find a Dealer')]]
2022-05-27 08:05:166 INFO  HomePage :37 - Mouse hover on 'Buy + Sell' Tab  [[FirefoxDriver: firefox on WINDOWS (4925450f-ce03-4abd-8680-464c6c3acd24)] -> xpath: //a[contains(text(),'buy + sell')]]
2022-05-27 08:05:453 INFO  HomePage :52 - Clicking on 'Find a Dealer' link   [[FirefoxDriver: firefox on WINDOWS (4925450f-ce03-4abd-8680-464c6c3acd24)] -> xpath: //a[contains(text(),'Find a Dealer')]]
2022-05-27 08:05:793 INFO  HomePage :37 - Mouse hover on 'Buy + Sell' Tab  [[FirefoxDriver: firefox on WINDOWS (d246b092-2dad-47ec-bf0f-8329793ffa8a)] -> xpath: //a[contains(text(),'buy + sell')]]
2022-05-27 08:05:122 INFO  HomePage :52 - Clicking on 'Find a Dealer' link   [[FirefoxDriver: firefox on WINDOWS (d246b092-2dad-47ec-bf0f-8329793ffa8a)] -> xpath: //a[contains(text(),'Find a Dealer')]]
2022-05-27 08:05:156 INFO  HomePage :37 - Mouse hover on 'Buy + Sell' Tab  [[FirefoxDriver: firefox on WINDOWS (f7d0fd7d-b672-423d-99fc-8a1993eadc5d)] -> xpath: //a[contains(text(),'buy + sell')]]
2022-05-27 08:05:643 INFO  HomePage :52 - Clicking on 'Find a Dealer' link   [[FirefoxDriver: firefox on WINDOWS (f7d0fd7d-b672-423d-99fc-8a1993eadc5d)] -> xpath: //a[contains(text(),'Find a Dealer')]]
2022-05-27 08:05:931 INFO  HomePage :37 - Mouse hover on 'Buy + Sell' Tab  [[FirefoxDriver: firefox on WINDOWS (7f9c292a-8bb5-43c0-ad3e-23aaff953b1e)] -> xpath: //a[contains(text(),'buy + sell')]]
2022-05-27 08:05:883 INFO  HomePage :52 - Clicking on 'Find a Dealer' link   [[FirefoxDriver: firefox on WINDOWS (7f9c292a-8bb5-43c0-ad3e-23aaff953b1e)] -> xpath: //a[contains(text(),'Find a Dealer')]]
2022-05-27 08:05:648 INFO  HomePage :37 - Mouse hover on 'Buy + Sell' Tab  [[FirefoxDriver: firefox on WINDOWS (bc4306ce-b822-483c-92bf-edbbee001f1a)] -> xpath: //a[contains(text(),'buy + sell')]]
2022-05-27 08:05:00 INFO  HomePage :52 - Clicking on 'Find a Dealer' link   [[FirefoxDriver: firefox on WINDOWS (bc4306ce-b822-483c-92bf-edbbee001f1a)] -> xpath: //a[contains(text(),'Find a Dealer')]]
